<?xml version="1.0" encoding="UTF-8"?>
<!-- Generated by org.testng.reporters.JUnitReportReporter -->
<testsuite hostname="DESKTOP-ARFGACR" failures="0" tests="1" name="testRunner.TestRunner" time="1.757" errors="0" timestamp="04 Jan 2023 09:30:38 GMT" skipped="0">
  <testcase classname="testRunner.TestRunner" name="verifyMapWithLegend" time="1.757"/>
</testsuite> <!-- testRunner.TestRunner -->
